<?xml version="1.0" encoding="UTF-8"?>
<!-- Generated by org.testng.reporters.JUnitReportReporter -->
<testsuite skipped="0" hostname="DESKTOP-BKVHFCN" name="runner.MyRunner" tests="2" failures="0" timestamp="2022-01-20T11:00:05 IST" time="36.358" errors="2">
  <testcase name="runScenario" time="16.824" classname="runner.MyRunner">
    <error type="java.lang.NullPointerException">
      <![CDATA[java.lang.NullPointerException
at org.openqa.selenium.support.ui.Select.<init>(Select.java:46)
at managers.WebDriverManager.select(WebDriverManager.java:116)
at pages.LandingPage.selectPortFolio(LandingPage.java:14)
at rediff.steps.Portfolio.selectPortFolio(Portfolio.java:24)
at ✽.I select portfolio 'My Portfolio1'(file:///C:/Users/Abhishek%20Puri/nov2021/CucumberProject/src/test/resources/stocks/stockmanagement.feature:7)
]]>
    </error>
  </testcase> <!-- runScenario -->
  <system-out/>
  <testcase name="runScenario" time="19.534" classname="runner.MyRunner">
    <error type="java.lang.NullPointerException">
      <![CDATA[java.lang.NullPointerException
at org.openqa.selenium.support.ui.Select.<init>(Select.java:46)
at managers.WebDriverManager.select(WebDriverManager.java:116)
at pages.LandingPage.selectPortFolio(LandingPage.java:14)
at rediff.steps.Portfolio.selectPortFolio(Portfolio.java:24)
at ✽.I select portfolio 'My Portfolio1'(file:///C:/Users/Abhishek%20Puri/nov2021/CucumberProject/src/test/resources/stocks/stockmanagement.feature:7)
]]>
    </error>
  </testcase> <!-- runScenario -->
  <system-out/>
</testsuite> <!-- runner.MyRunner -->
